
=== Calibration Intrinsic  [2026-04-21 23:39:40] ===
[INFO] 링크 생성: cam01/int_cam01.avi
[INFO] 링크 생성: cam02/int_cam02.avi
[INFO] 팝업 대신 디버그 이미지를 저장합니다 → /Users/yongseok/Documents/Pose2SimUI/calibration/intrinsics
[Intrinsic 캘리브레이션] 시작: /Users/yongseok/Documents/Pose2SimUI
[ERROR] AttributeError: 'NoneType' object has no attribute 'get'
Traceback (most recent call last):
  File "/Users/yongseok/Documents/Pose2SimUI/src/core/workers/base_worker.py", line 29, in run
    self._execute()
  File "/Users/yongseok/Documents/Pose2SimUI/src/core/workers/pipeline_worker.py", line 235, in _execute
    self._api_fn()
  File "/Users/yongseok/Documents/Pose2SimUI/src/core/pipeline_runner.py", line 201, in <lambda>
    api_fn = lambda cfg=config_dict: P2S.calibration(cfg)
                                     ^^^^^^^^^^^^^^^^^^^^
  File "/Users/yongseok/opt/anaconda3/envs/pose2simUI/lib/python3.12/site-packages/Pose2Sim/Pose2Sim.py", line 368, in calibration
    pipeline = Pose2SimPipeline(config)
               ^^^^^^^^^^^^^^^^^^^^^^^^
  File "/Users/yongseok/opt/anaconda3/envs/pose2simUI/lib/python3.12/site-packages/Pose2Sim/Pose2Sim.py", line 169, in __init__
    use_custom_logging = self.config_dicts[0].get('logging').get('use_custom_logging')
                         ^^^^^^^^^^^^^^^^^^^^^^^^^^^^^^^^^^^^^^^
AttributeError: 'NoneType' object has no attribute 'get'

